This is pdfTeX, Version 3.1415926-2.5-1.40.14 (MiKTeX 2.9) (preloaded format=pdflatex 2016.7.19)  24 JAN 2017 16:54
entering extended mode
**MolecularMajoranaLoss5.tex
("R:\Papers\Dave Reens Papers\spin-flip-writing\MolecularMajoranaLoss5.tex"
LaTeX2e <2011/06/27>
Babel <v3.8m> and hyphenation patterns for english, afrikaans, ancientgreek, ar
abic, armenian, assamese, basque, bengali, bokmal, bulgarian, catalan, coptic, 
croatian, czech, danish, dutch, esperanto, estonian, farsi, finnish, french, ga
lician, german, german-x-2013-05-26, greek, gujarati, hindi, hungarian, iceland
ic, indonesian, interlingua, irish, italian, kannada, kurmanji, latin, latvian,
 lithuanian, malayalam, marathi, mongolian, mongolianlmc, monogreek, ngerman, n
german-x-2013-05-26, nynorsk, oriya, panjabi, pinyin, polish, portuguese, roman
ian, russian, sanskrit, serbian, slovak, slovenian, spanish, swedish, swissgerm
an, tamil, telugu, turkish, turkmen, ukenglish, ukrainian, uppersorbian, usengl
ishmax, welsh, loaded.
("C:\Program Files (x86)\MiKTeX 2.9\tex\latex\revtex\revtex4-1.cls"
Document Class: revtex4-1 2010/07/25/20:33:00 4.1r (http://publish.aps.org/revt
ex4/ for documentation)
 Copyright (c) 2009 The American Physical Society.
 mailto:revtex@aps.org
 Licensed under the LPPL:
http://www.ctan.org/tex-archive/macros/latex/base/lppl.txt
 Arthur Ogawa <arthur_ogawa at sbcglobal dot net>
 Based on work by David Carlisle <david at dcarlisle.demon.co.uk>.
ltxutil[2010/07/25/20:33:00 4.1r utilities package (portions licensed from W. E
. Baxter web at superscript.com)]
LaTeX Info: Redefining \@centercr on input line 308.
Class revtex4-1 Info: Repairing broken LaTeX eqnarray on input line 358.
\eqncolsep=\skip41
Class revtex4-1 Info: Repairing hyperref-unfriendly LaTeX definition of \mpfoot
note on input line 433.
Class revtex4-1 Info: Repairing broken LateX \@sect on input line 755.
\intertabularlinepenalty=\count79
\@tbpen=\count80
\@arstrutbox@hline=\box26
Class revtex4-1 Info: Repairing broken LaTeX \@xbitor on input line 1786.
Class revtex4-1 Info: Making \typeout \long on input line 2046.
ltxfront[2010/07/25/20:33:00 4.1r frontmatter package (AO,DPC)]
\c@affil=\count81
\c@collab=\count82
\absbox=\box27
ltxgrid[2010/07/25/20:33:00 4.1r page grid package (portions licensed from W. E
. Baxter web at superscript.com)]
\c@linecount=\count83
\output@latex=\toks14
\box@size@1=\box28
\box@size@2=\box29
\@protection@box=\box30
\@topmark@saved=\toks15
\footins@saved=\box31
\footins@recovered=\box32
\column@recovered=\box33
\pagesofar=\box34
\footsofar=\box35
\pagegrid@col=\count84
Class revtex4-1 Info: Overriding \@vspace, \@vspacer, \@no@pgbk, \@newline, and
 \\  on input line 5578.
\c@part=\count85
\c@section=\count86
\c@subsection=\count87
\c@subsubsection=\count88
\c@paragraph=\count89
\c@subparagraph=\count90
\abovecaptionskip=\skip42
\belowcaptionskip=\skip43
\c@figure=\count91
\fbox@1=\box36
\c@table=\count92
\fbox@2=\box37
\c@video=\count93
\fbox@4=\box38
\@bibdataout=\write3
\widetext@top=\box39
\widetext@bot=\box40
Class revtex4-1 Info: Selecting society aps on input line 7542.
("C:\Program Files (x86)\MiKTeX 2.9\tex\latex\revtex\aps4-1.rtx"
File: aps4-1 2010/07/25/20:33:00 4.1r (http://publish.aps.org/revtex4/ for docu
mentation)
Class revtex4-1 Info: RevTeX society APS selected on input line 31.
)
Class revtex4-1 Info: Selecting journal prl on input line 7544.
Class revtex4-1 Info: APS journal PRL selected on input line 7545.

("C:\Program Files (x86)\MiKTeX 2.9\tex\latex\revtex\aps10pt4-1.rtx"
File: aps10pt4-1 2010/07/25/20:33:00 4.1r (http://publish.aps.org/revtex4/ for 
documentation)
Class revtex4-1 Info: RevTeX pointsize 10pt selected on input line 30.
)
("C:\Program Files (x86)\MiKTeX 2.9\tex\latex\textcase\textcase.sty"
Package: textcase 2004/10/07 v0.07 Text only upper/lower case changing (DPC)
)
("C:\Program Files (x86)\MiKTeX 2.9\tex\latex\amsfonts\amssymb.sty"
Package: amssymb 2013/01/14 v3.01 AMS font symbols

("C:\Program Files (x86)\MiKTeX 2.9\tex\latex\amsfonts\amsfonts.sty"
Package: amsfonts 2013/01/14 v3.01 Basic AMSFonts support
\@emptytoks=\toks16
\symAMSa=\mathgroup4
\symAMSb=\mathgroup5
LaTeX Font Info:    Overwriting math alphabet `\mathfrak' in version `bold'
(Font)                  U/euf/m/n --> U/euf/b/n on input line 106.
))
("C:\Program Files (x86)\MiKTeX 2.9\tex\latex\amsmath\amsmath.sty"
Package: amsmath 2013/01/14 v2.14 AMS math features
\@mathmargin=\skip44

For additional information on amsmath, use the `?' option.
("C:\Program Files (x86)\MiKTeX 2.9\tex\latex\amsmath\amstext.sty"
Package: amstext 2000/06/29 v2.01

("C:\Program Files (x86)\MiKTeX 2.9\tex\latex\amsmath\amsgen.sty"
File: amsgen.sty 1999/11/30 v2.0
\@emptytoks=\toks17
\ex@=\dimen102
)
LaTeX Info: Redefining \text on input line 39.
)
("C:\Program Files (x86)\MiKTeX 2.9\tex\latex\amsmath\amsbsy.sty"
Package: amsbsy 1999/11/29 v1.2d
\pmbraise@=\dimen103
)
("C:\Program Files (x86)\MiKTeX 2.9\tex\latex\amsmath\amsopn.sty"
Package: amsopn 1999/12/14 v2.01 operator names
)
\inf@bad=\count94
LaTeX Info: Redefining \frac on input line 210.
\uproot@=\count95
\leftroot@=\count96
LaTeX Info: Redefining \overline on input line 306.
\classnum@=\count97
\DOTSCASE@=\count98
LaTeX Info: Redefining \ldots on input line 378.
LaTeX Info: Redefining \dots on input line 381.
LaTeX Info: Redefining \cdots on input line 466.
\Mathstrutbox@=\box41
\strutbox@=\box42
\big@size=\dimen104
LaTeX Font Info:    Redeclaring font encoding OML on input line 566.
LaTeX Font Info:    Redeclaring font encoding OMS on input line 567.
\macc@depth=\count99
\c@MaxMatrixCols=\count100
\dotsspace@=\muskip10
\c@parentequation=\count101
\dspbrk@lvl=\count102
\tag@help=\toks18
\row@=\count103
\column@=\count104
\maxfields@=\count105
\andhelp@=\toks19
\eqnshift@=\dimen105
\alignsep@=\dimen106
\tagshift@=\dimen107
\tagwidth@=\dimen108
\totwidth@=\dimen109
\lineht@=\dimen110
\@envbody=\toks20
\multlinegap=\skip45
\multlinetaggap=\skip46
\mathdisplay@stack=\toks21
LaTeX Info: Redefining \[ on input line 2665.
LaTeX Info: Redefining \] on input line 2666.
)
("C:\Program Files (x86)\MiKTeX 2.9\tex\latex\url\url.sty"
\Urlmuskip=\muskip11
Package: url 2013/09/16  ver 3.4  Verb mode for urls, etc.
)
("C:\Program Files (x86)\MiKTeX 2.9\tex\latex\natbib\natbib.sty"
Package: natbib 2010/09/13 8.31b (PWD, AO)
\bibhang=\skip47
\bibsep=\skip48
LaTeX Info: Redefining \cite on input line 694.
\c@NAT@ctr=\count106
)
Class revtex4-1 Info: Repairing natbib's \BibitemShut on input line 7549.

("C:\Program Files (x86)\MiKTeX 2.9\tex\latex\revtex\revsymb4-1.sty"
Package: revsymb4-1 2010/07/25/20:33:00 4.1r (http://publish.aps.org/revtex4/ f
or documentation)
LaTeX Info: Redefining \frak on input line 95.
LaTeX Info: Redefining \Bbb on input line 111.
LaTeX Info: Redefining \REV@mathfrak on input line 119.
))
("C:\Program Files (x86)\MiKTeX 2.9\tex\latex\graphics\graphicx.sty"
Package: graphicx 1999/02/16 v1.0f Enhanced LaTeX Graphics (DPC,SPQR)

("C:\Program Files (x86)\MiKTeX 2.9\tex\latex\graphics\keyval.sty"
Package: keyval 1999/03/16 v1.13 key=value parser (DPC)
\KV@toks@=\toks22
)
("C:\Program Files (x86)\MiKTeX 2.9\tex\latex\graphics\graphics.sty"
Package: graphics 2009/02/05 v1.0o Standard LaTeX Graphics (DPC,SPQR)

("C:\Program Files (x86)\MiKTeX 2.9\tex\latex\graphics\trig.sty"
Package: trig 1999/03/16 v1.09 sin cos tan (DPC)
)
("C:\Program Files (x86)\MiKTeX 2.9\tex\latex\00miktex\graphics.cfg"
File: graphics.cfg 2007/01/18 v1.5 graphics configuration of teTeX/TeXLive
)
Package graphics Info: Driver file: pdftex.def on input line 91.

("C:\Program Files (x86)\MiKTeX 2.9\tex\latex\pdftex-def\pdftex.def"
File: pdftex.def 2011/05/27 v0.06d Graphics/color for pdfTeX

("C:\Program Files (x86)\MiKTeX 2.9\tex\generic\oberdiek\infwarerr.sty"
Package: infwarerr 2010/04/08 v1.3 Providing info/warning/error messages (HO)
)
("C:\Program Files (x86)\MiKTeX 2.9\tex\generic\oberdiek\ltxcmds.sty"
Package: ltxcmds 2011/11/09 v1.22 LaTeX kernel commands for general use (HO)
)
\Gread@gobject=\count107
))
\Gin@req@height=\dimen111
\Gin@req@width=\dimen112
)
("C:\Program Files (x86)\MiKTeX 2.9\tex\latex\tools\dcolumn.sty"
Package: dcolumn 2001/05/28 v1.06 decimal alignment package (DPC)

("C:\Program Files (x86)\MiKTeX 2.9\tex\latex\tools\array.sty"
Package: array 2008/09/09 v2.4c Tabular extension package (FMi)
\col@sep=\dimen113
\extrarowheight=\dimen114
\NC@list=\toks23
\extratabsurround=\skip49
\backup@length=\skip50
))
("C:\Program Files (x86)\MiKTeX 2.9\tex\latex\tools\bm.sty"
Package: bm 2004/02/26 v1.1c Bold Symbol Support (DPC/FMi)
\symboldoperators=\mathgroup6
\symboldletters=\mathgroup7
\symboldsymbols=\mathgroup8
LaTeX Font Info:    Redeclaring math alphabet \mathbf on input line 138.
LaTeX Info: Redefining \bm on input line 204.
)
Class revtex4-1 Info: Patching array package. on input line 47.
Class revtex4-1 Info: Robustifying \LaTeX's \boldmath command on input line 47.

Class revtex4-1 Info: cite was not loaded (OK!) on input line 47.
Class revtex4-1 Info: mcite was not loaded (OK!) on input line 47.
Class revtex4-1 Info: multicol was not loaded (OK!) on input line 47.

("R:\Papers\Dave Reens Papers\spin-flip-writing\MolecularMajoranaLoss5.aux")
LaTeX Font Info:    Checking defaults for OML/cmm/m/it on input line 47.
LaTeX Font Info:    ... okay on input line 47.
LaTeX Font Info:    Checking defaults for T1/cmr/m/n on input line 47.
LaTeX Font Info:    ... okay on input line 47.
LaTeX Font Info:    Checking defaults for OT1/cmr/m/n on input line 47.
LaTeX Font Info:    ... okay on input line 47.
LaTeX Font Info:    Checking defaults for OMS/cmsy/m/n on input line 47.
LaTeX Font Info:    ... okay on input line 47.
LaTeX Font Info:    Checking defaults for OMX/cmex/m/n on input line 47.
LaTeX Font Info:    ... okay on input line 47.
LaTeX Font Info:    Checking defaults for U/cmr/m/n on input line 47.
LaTeX Font Info:    ... okay on input line 47.

("C:\Program Files (x86)\MiKTeX 2.9\tex\context\base\supp-pdf.mkii"
[Loading MPS to PDF converter (version 2006.09.02).]
\scratchcounter=\count108
\scratchdimen=\dimen115
\scratchbox=\box43
\nofMPsegments=\count109
\nofMParguments=\count110
\everyMPshowfont=\toks24
\MPscratchCnt=\count111
\MPscratchDim=\dimen116
\MPnumerator=\count112
\makeMPintoPDFobject=\count113
\everyMPtoPDFconversion=\toks25
)
LaTeX Font Info:    Try loading font information for U+msa on input line 69.
 ("C:\Program Files (x86)\MiKTeX 2.9\tex\latex\amsfonts\umsa.fd"
File: umsa.fd 2013/01/14 v3.01 AMS symbols A
)
LaTeX Font Info:    Try loading font information for U+msb on input line 69.

("C:\Program Files (x86)\MiKTeX 2.9\tex\latex\amsfonts\umsb.fd"
File: umsb.fd 2013/01/14 v3.01 AMS symbols B
)

Package natbib Warning: Citation `Migdall1985' on page 1 undefined on input lin
e 86.


Package natbib Warning: Citation `Petrich1995' on page 1 undefined on input lin
e 86.


Package natbib Warning: Citation `Davis1995' on page 1 undefined on input line 
86.


LaTeX Warning: Reference `fig:blocking' on page 1 undefined on input line 88.


LaTeX Warning: Reference `fig:blocking' on page 1 undefined on input line 88.

<blocking.png, id=1, 526.96875pt x 301.125pt>
File: blocking.png Graphic file (type png)
 <use blocking.png>
Package pdftex.def Info: blocking.png used on input line 91.
(pdftex.def)             Requested size: 284.52756pt x 162.59587pt.

Overfull \hbox (38.52756pt too wide) in paragraph at lines 91--92
 [][] 
 []


LaTeX Warning: Reference `fig:blocking' on page 1 undefined on input line 97.

[1{C:/ProgramData/MiKTeX/2.9/pdftex/config/pdftex.map} <R:/Papers/Dave Reens Pa
pers/spin-flip-writing/blocking.png (PNG copy)>]

Package natbib Warning: Citation `sawyer2008' on page 2 undefined on input line
 104.


LaTeX Warning: Reference `HZprop' on page 2 undefined on input line 104.


Package natbib Warning: Citation `Lara2008' on page 2 undefined on input line 1
27.


LaTeX Warning: Reference `fig:blocking' on page 2 undefined on input line 127.

<blue-red-yellow-v2_CAD.png, id=19, 1606.0pt x 903.375pt>
File: blue-red-yellow-v2_CAD.png Graphic file (type png)

<use blue-red-yellow-v2_CAD.png>
Package pdftex.def Info: blue-red-yellow-v2_CAD.png used on input line 137.
(pdftex.def)             Requested size: 512.1496pt x 288.09343pt.

Overfull \hbox (266.1496pt too wide) in paragraph at lines 137--138
 [][] 
 []


Package natbib Warning: Citation `Bochinnski2003' on page 2 undefined on input 
line 149.


LaTeX Warning: Reference `fig:CAD' on page 2 undefined on input line 149.

<Loss_Surface_Chunks_0-320_0.jpeg, id=21, 1572.87625pt x 1606.0pt>
File: Loss_Surface_Chunks_0-320_0.jpeg Graphic file (type jpg)

<use Loss_Surface_Chunks_0-320_0.jpeg>
Package pdftex.def Info: Loss_Surface_Chunks_0-320_0.jpeg used on input line 15
2.
(pdftex.def)             Requested size: 256.0748pt x 261.44977pt.

Overfull \hbox (10.0748pt too wide) in paragraph at lines 152--153
 [][] 
 []

[2]

LaTeX Warning: A float is stuck (cannot be placed); try class option [floatfix]
 on input line 163.


LaTeX Warning: Reference `eq:blimit' on page 3 undefined on input line 165.


LaTeX Warning: Reference `fig:LSurfs' on page 3 undefined on input line 165.

<V-to-W-plot-3D-dave.png, id=27, 577.39926pt x 435.9022pt>
File: V-to-W-plot-3D-dave.png Graphic file (type png)

<use V-to-W-plot-3D-dave.png>
Package pdftex.def Info: V-to-W-plot-3D-dave.png used on input line 168.
(pdftex.def)             Requested size: 256.0748pt x 193.32736pt.

Overfull \hbox (10.0748pt too wide) in paragraph at lines 168--169
 [][] 
 []


LaTeX Warning: Reference `fig:LSurfs' on page 3 undefined on input line 174.


LaTeX Warning: Reference `fig:WVplot' on page 3 undefined on input line 174.

[3 <R:/Papers/Dave Reens Papers/spin-flip-writing/blue-red-yellow-v2_CAD.png> <
R:/Papers/Dave Reens Papers/spin-flip-writing/Loss_Surface_Chunks_0-320_0.jpeg>
 <R:/Papers/Dave Reens Papers/spin-flip-writing/V-to-W-plot-3D-dave.png (PNG co
py)>]

LaTeX Warning: Reference `fig:WVplot' on page 4 undefined on input line 176.


Package natbib Warning: Citation `ref:githubCOMcode' on page 4 undefined on inp
ut line 176.

<MW-thermometry.png, id=32, 575.90157pt x 355.3275pt>
File: MW-thermometry.png Graphic file (type png)
 <use MW-thermometry.png>
Package pdftex.def Info: MW-thermometry.png used on input line 179.
(pdftex.def)             Requested size: 256.0748pt x 157.99823pt.

Overfull \hbox (10.0748pt too wide) in paragraph at lines 179--180
 [][] 
 []


Package natbib Warning: Citation `?' on page 4 undefined on input line 185.


LaTeX Warning: Reference `fig:spec' on page 4 undefined on input line 185.


LaTeX Warning: Reference `fig:spec' on page 4 undefined on input line 187.

<reduce-density-compare.png, id=33, 538.26094pt x 325.215pt>
File: reduce-density-compare.png Graphic file (type png)

<use reduce-density-compare.png>
Package pdftex.def Info: reduce-density-compare.png used on input line 190.
(pdftex.def)             Requested size: 256.0748pt x 154.72188pt.

Overfull \hbox (10.0748pt too wide) in paragraph at lines 190--191
 [][] 
 []


LaTeX Warning: Reference `fig:timetrace' on page 4 undefined on input line 196.


[4 <R:/Papers/Dave Reens Papers/spin-flip-writing/MW-thermometry.png (PNG copy)
> <R:/Papers/Dave Reens Papers/spin-flip-writing/reduce-density-compare.png (PN
G copy)>]
No file MolecularMajoranaLoss5.bbl.

Package natbib Warning: There were undefined citations.

[5] ("R:\Papers\Dave Reens Papers\spin-flip-writing\MolecularMajoranaLoss5.aux"
)

LaTeX Warning: There were undefined references.


LaTeX Warning: Label(s) may have changed. Rerun to get cross-references right .


 ) 
Here is how much of TeX's memory you used:
 4174 strings out of 493921
 53524 string characters out of 3144867
 134328 words of memory out of 3000000
 7420 multiletter control sequences out of 15000+200000
 13994 words of font info for 52 fonts, out of 3000000 for 9000
 841 hyphenation exceptions out of 8191
 34i,7n,28p,1817b,289s stack positions out of 5000i,500n,10000p,200000b,50000s
<C:/Program Files (x86)/MiKTeX 2.9/fonts/type1/public/amsfonts/cm/cmbx10.pfb>
<C:/Program Files (x86)/MiKTeX 2.9/fonts/type1/public/amsfonts/cm/cmbx12.pfb><C
:/Program Files (x86)/MiKTeX 2.9/fonts/type1/public/amsfonts/cm/cmex10.pfb><C:/
Program Files (x86)/MiKTeX 2.9/fonts/type1/public/amsfonts/cm/cmmi10.pfb><C:/Pr
ogram Files (x86)/MiKTeX 2.9/fonts/type1/public/amsfonts/cm/cmmi7.pfb><C:/Progr
am Files (x86)/MiKTeX 2.9/fonts/type1/public/amsfonts/cm/cmmi9.pfb><C:/Program 
Files (x86)/MiKTeX 2.9/fonts/type1/public/amsfonts/cm/cmr10.pfb><C:/Program Fil
es (x86)/MiKTeX 2.9/fonts/type1/public/amsfonts/cm/cmr5.pfb><C:/Program Files (
x86)/MiKTeX 2.9/fonts/type1/public/amsfonts/cm/cmr6.pfb><C:/Program Files (x86)
/MiKTeX 2.9/fonts/type1/public/amsfonts/cm/cmr7.pfb><C:/Program Files (x86)/MiK
TeX 2.9/fonts/type1/public/amsfonts/cm/cmr9.pfb><C:/Program Files (x86)/MiKTeX 
2.9/fonts/type1/public/amsfonts/cm/cmsy10.pfb><C:/Program Files (x86)/MiKTeX 2.
9/fonts/type1/public/amsfonts/cm/cmsy6.pfb><C:/Program Files (x86)/MiKTeX 2.9/f
onts/type1/public/amsfonts/cm/cmsy7.pfb><C:/Program Files (x86)/MiKTeX 2.9/font
s/type1/public/amsfonts/cm/cmti9.pfb>
Output written on MolecularMajoranaLoss5.pdf (5 pages, 1678277 bytes).
PDF statistics:
 86 PDF objects out of 1000 (max. 8388607)
 0 named destinations out of 1000 (max. 500000)
 31 words of extra memory for PDF output out of 10000 (max. 10000000)

